{"/home/hadi/repos/vuejs/job-search/src/components/MainNav.vue": {"path":"/home/hadi/repos/vuejs/job-search/src/components/MainNav.vue","statementMap":{"0":{"start":{"line":30,"column":15},"end":{"line":30,"column":null}},"1":{"start":{"line":33,"column":4},"end":{"line":33,"column":11}}},"fnMap":{"0":{"name":"(anonymous_0)","decl":{"start":{"line":32,"column":2},"end":{"line":32,"column":6}},"loc":{"start":{"line":32,"column":9},"end":{"line":45,"column":null}}}},"branchMap":{},"s":{"0":1,"1":2},"f":{"0":2},"b":{}}
}
